<?xml version="1.0" encoding="UTF-8"?>
<!-- Generated by org.testng.reporters.JUnitReportReporter -->
<testsuite skipped="0" hostname="DESKTOP-POFC6SR" name="com.grid.NewTest" tests="2" failures="0" timestamp="01 May 2019 10:42:11 GMT" time="78.337" errors="0">
  <testcase name="openBrowser" time="8.117" classname="com.grid.NewTest"/>
  <testcase name="enterUrl" time="70.220" classname="com.grid.NewTest"/>
</testsuite> <!-- com.grid.NewTest -->
